c:\users\salo_\desktop\trabajofinal\trabajofinal\debug\vc142.pdb
c:\users\salo_\desktop\trabajofinal\trabajofinal\debug\.netframework,version=v4.7.2.assemblyattributes.nativecodeanalysis.sarif
c:\users\salo_\desktop\trabajofinal\trabajofinal\debug\.netframework,version=v4.7.2.assemblyattributes.nativecodeanalysis.xml
c:\users\salo_\desktop\trabajofinal\trabajofinal\debug\frmprincipal.nativecodeanalysis.sarif
c:\users\salo_\desktop\trabajofinal\trabajofinal\debug\frmprincipal.nativecodeanalysis.xml
c:\users\salo_\desktop\trabajofinal\trabajofinal\debug\frmmenu.nativecodeanalysis.sarif
c:\users\salo_\desktop\trabajofinal\trabajofinal\debug\frmmenu.nativecodeanalysis.xml
c:\users\salo_\desktop\trabajofinal\trabajofinal\debug\frmmenu.obj
c:\users\salo_\desktop\trabajofinal\trabajofinal\debug\frmprincipal.obj
c:\users\salo_\desktop\trabajofinal\trabajofinal\debug\.netframework,version=v4.7.2.assemblyattributes.obj
c:\users\salo_\desktop\trabajofinal\debug\trabajofinal.exe
c:\users\salo_\desktop\trabajofinal\debug\trabajofinal.pdb
c:\users\salo_\desktop\trabajofinal\trabajofinal\debug\trabajofinal.frmmenu.resources
c:\users\salo_\desktop\trabajofinal\trabajofinal\debug\trabajofinal.frmprincipal.resources
c:\users\salo_\desktop\trabajofinal\trabajofinal\debug\vc.nativecodeanalysis.all.xml
c:\users\salo_\desktop\trabajofinal\trabajofinal\debug\trabajofinal.tlog\cl.command.1.tlog
c:\users\salo_\desktop\trabajofinal\trabajofinal\debug\trabajofinal.tlog\cl.read.1.tlog
c:\users\salo_\desktop\trabajofinal\trabajofinal\debug\trabajofinal.tlog\cl.write.1.tlog
c:\users\salo_\desktop\trabajofinal\trabajofinal\debug\trabajofinal.tlog\link.command.1.tlog
c:\users\salo_\desktop\trabajofinal\trabajofinal\debug\trabajofinal.tlog\link.read.1.tlog
c:\users\salo_\desktop\trabajofinal\trabajofinal\debug\trabajofinal.tlog\link.write.1.tlog
c:\users\salo_\desktop\trabajofinal\trabajofinal\debug\trabajofinal.tlog\metagen.read.1.tlog
c:\users\salo_\desktop\trabajofinal\trabajofinal\debug\trabajofinal.tlog\metagen.write.1.tlog
c:\users\salo_\desktop\trabajofinal\trabajofinal\debug\trabajofinal.tlog\trabajofinal.write.1u.tlog
